<?xml version="1.0" encoding="UTF-8"?>
<!-- Generated by org.testng.reporters.JUnitXMLReporter -->
<testsuite ignored="4" hostname="ace" failures="0" tests="2" name="positive" time="35.632" errors="0" timestamp="2024-09-20T12:15:08 IST">
  <testcase classname="page_object_model.StandAlone" name="dataTestJson2" time="9.397"/>
  <testcase classname="page_object_model.StandAlone" name="dataTestJson2" time="9.245"/>
  <testcase classname="page_object_model.StandAlone" name="test" time="0.0">
    <ignored/>
  </testcase> <!-- test -->
  <testcase classname="page_object_model.StandAlone" name="dataTestJson" time="0.0">
    <ignored/>
  </testcase> <!-- dataTestJson -->
  <testcase classname="page_object_model.StandAlone" name="dataTest" time="0.0">
    <ignored/>
  </testcase> <!-- dataTest -->
  <testcase classname="page_object_model.StandAlone" name="orderError" time="0.0">
    <ignored/>
  </testcase> <!-- orderError -->
</testsuite> <!-- positive -->
