<?xml version="1.0" encoding="UTF-8"?>
<!-- Generated by org.testng.reporters.JUnitXMLReporter -->
<testsuite ignored="3" hostname="ace" failures="0" tests="0" time="0.0" errors="0" timestamp="2024-09-20T12:19:31 IST">
  <testcase classname="page_object_model.ErrorValidation" name="loginError" time="0.0">
    <ignored/>
  </testcase> <!-- loginError -->
  <testcase classname="page_object_model.ErrorValidation" name="productError" time="0.0">
    <ignored/>
  </testcase> <!-- productError -->
  <testcase classname="page_object_model.ErrorValidation" name="loginErrordataset" time="0.0">
    <ignored/>
  </testcase> <!-- loginErrordataset -->
</testsuite>
