<?xml version="1.0" encoding="UTF-8"?>
<testng-results ignored="7" total="9" passed="2" failed="0" skipped="0">
  <reporter-output>
  </reporter-output>
  <suite started-at="2024-09-20T12:14:32 IST" name="Suite" finished-at="2024-09-20T12:15:08 IST" duration-ms="35678">
    <groups>
      <group name="dataTestingJson2">
        <method signature="StandAlone.dataTestJson2(java.util.HashMap)[pri:0, instance:page_object_model.StandAlone@6379eb]" name="dataTestJson2" class="page_object_model.StandAlone"/>
      </group> <!-- dataTestingJson2 -->
    </groups>
    <test started-at="2024-09-20T12:14:32 IST" name="positive" finished-at="2024-09-20T12:15:08 IST" duration-ms="35632">
      <class name="page_object_model.StandAlone">
        <test-method is-config="true" signature="login()[pri:0, instance:page_object_model.StandAlone@6379eb]" started-at="2024-09-20T12:14:32 IST" name="login" finished-at="2024-09-20T12:14:40 IST" duration-ms="7647" status="PASS">
          <reporter-output>
          </reporter-output>
        </test-method> <!-- login -->
        <test-method signature="dataTestJson2(java.util.HashMap)[pri:0, instance:page_object_model.StandAlone@6379eb]" started-at="2024-09-20T12:14:40 IST" name="dataTestJson2" data-provider="getDataJson2" finished-at="2024-09-20T12:14:49 IST" duration-ms="9397" status="PASS">
          <params>
            <param index="0">
              <value>
                <![CDATA[{"password":"Iamking@000","product":"ZARA COAT 3","email":"anshika@gmail.com"}]]>
              </value>
            </param>
          </params>
          <reporter-output>
          </reporter-output>
        </test-method> <!-- dataTestJson2 -->
        <test-method is-config="true" signature="close()[pri:0, instance:page_object_model.StandAlone@6379eb]" started-at="2024-09-20T12:14:49 IST" name="close" finished-at="2024-09-20T12:14:50 IST" duration-ms="1261" status="PASS">
          <reporter-output>
          </reporter-output>
        </test-method> <!-- close -->
        <test-method is-config="true" signature="login()[pri:0, instance:page_object_model.StandAlone@6379eb]" started-at="2024-09-20T12:14:50 IST" name="login" finished-at="2024-09-20T12:14:57 IST" duration-ms="6786" status="PASS">
          <reporter-output>
          </reporter-output>
        </test-method> <!-- login -->
        <test-method signature="dataTestJson2(java.util.HashMap)[pri:0, instance:page_object_model.StandAlone@6379eb]" started-at="2024-09-20T12:14:57 IST" name="dataTestJson2" data-provider="getDataJson2" finished-at="2024-09-20T12:15:06 IST" duration-ms="9245" status="PASS">
          <params>
            <param index="0">
              <value>
                <![CDATA[{"password":"Iamking@000","product":"ADIDAS ORIGINAL","email":"anshika@gmail.com"}]]>
              </value>
            </param>
          </params>
          <reporter-output>
          </reporter-output>
        </test-method> <!-- dataTestJson2 -->
        <test-method is-config="true" signature="close()[pri:0, instance:page_object_model.StandAlone@6379eb]" started-at="2024-09-20T12:15:06 IST" name="close" finished-at="2024-09-20T12:15:08 IST" duration-ms="1257" status="PASS">
          <reporter-output>
          </reporter-output>
        </test-method> <!-- close -->
      </class> <!-- page_object_model.StandAlone -->
    </test> <!-- positive -->
    <test started-at="2024-09-20T12:15:08 IST" name="negative" finished-at="2024-09-20T12:15:08 IST" duration-ms="1">
    </test> <!-- negative -->
  </suite> <!-- Suite -->
</testng-results>
